<?xml version="1.0" encoding="UTF-8"?>
<!-- Generated by org.testng.reporters.JUnitReportReporter -->
<testsuite skipped="0" hostname="EPINHYDW1504" name="com.jstech.restassureddemo.APITester" tests="1" failures="0" timestamp="06 Nov 2019 08:54:51 GMT" time="2.546" errors="0">
  <testcase name="testPostWithGivenWhenThen" time="2.546" classname="com.jstech.restassureddemo.APITester"/>
</testsuite> <!-- com.jstech.restassureddemo.APITester -->
