<?xml version="1.0" encoding="UTF-8"?>
<!-- Generated by org.testng.reporters.JUnitReportReporter -->
<testsuite skipped="0" hostname="EPINHYDW1504" name="com.jstech.testusingselenium.TestDynamicContent" tests="1" failures="0" timestamp="13 Nov 2019 08:44:05 GMT" time="3.373" errors="0">
  <testcase name="testDynamicityOfContent" time="3.373" classname="com.jstech.testusingselenium.TestDynamicContent"/>
</testsuite> <!-- com.jstech.testusingselenium.TestDynamicContent -->
