<?xml version="1.0" encoding="UTF-8"?>
<!-- Generated by org.testng.reporters.JUnitReportReporter -->
<testsuite skipped="0" hostname="EPINHYDW1504" name="com.jstech.testusingselenium.TestDynamicLoading" tests="1" failures="0" timestamp="13 Nov 2019 09:41:47 GMT" time="15.008" errors="0">
  <testcase name="testElementRenderedAfterwards" time="15.008" classname="com.jstech.testusingselenium.TestDynamicLoading"/>
</testsuite> <!-- com.jstech.testusingselenium.TestDynamicLoading -->
