<?xml version="1.0" encoding="UTF-8"?>
<!-- Generated by org.testng.reporters.JUnitReportReporter -->
<testsuite skipped="0" hostname="EPINHYDW1504" name="com.jstech.testusingselenium.TestHerokuApp" tests="1" failures="0" timestamp="13 Nov 2019 08:21:17 GMT" time="3.093" errors="0">
  <testcase name="testDropdown" time="3.093" classname="com.jstech.testusingselenium.TestHerokuApp"/>
</testsuite> <!-- com.jstech.testusingselenium.TestHerokuApp -->
