<?xml version="1.0" encoding="UTF-8"?>
<!-- Generated by org.testng.reporters.JUnitReportReporter -->
<testsuite skipped="0" hostname="EPINHYDW1504" name="com.jstech.testusingselenium.HerokuAppChallengingDOM" tests="3" failures="0" timestamp="13 Nov 2019 08:14:49 GMT" time="9.811" errors="0">
  <testcase name="testChallengingDOM" time="9.029" classname="com.jstech.testusingselenium.HerokuAppChallengingDOM"/>
  <testcase name="testDeleteButton" time="0.407" classname="com.jstech.testusingselenium.HerokuAppChallengingDOM"/>
  <testcase name="testEditButton" time="0.375" classname="com.jstech.testusingselenium.HerokuAppChallengingDOM"/>
</testsuite> <!-- com.jstech.testusingselenium.HerokuAppChallengingDOM -->
